<?xml version="1.0" encoding="UTF-8"?>
<!-- Generated by org.testng.reporters.JUnitReportReporter -->
<testsuite hostname="DESKTOP-7NNLRAN" failures="0" tests="1" name="RestTesting.diffTestNGTesing" time="0.005" errors="0" timestamp="16 Mar 2022 18:01:53 GMT">
  <testcase classname="RestTesting.diffTestNGTesing" name="testcase1" time="0.005"/>
</testsuite> <!-- RestTesting.diffTestNGTesing -->
