<?xml version="1.0" encoding="UTF-8"?>
<!-- Generated by org.testng.reporters.JUnitReportReporter -->
<testsuite hostname="DESKTOP-7NNLRAN" failures="0" tests="3" name="RestTesting.Trello" time="6.232" errors="0" timestamp="15 Mar 2022 09:30:39 GMT">
  <testcase classname="RestTesting.Trello" name="DeleteBoard" time="0.871"/>
  <testcase classname="RestTesting.Trello" name="createBoard" time="4.633"/>
  <testcase classname="RestTesting.Trello" name="getBoard" time="0.728"/>
</testsuite> <!-- RestTesting.Trello -->
