<?xml version="1.0" encoding="UTF-8"?>
<!-- Generated by org.testng.reporters.JUnitReportReporter -->
<testsuite hostname="DESKTOP-7NNLRAN" failures="0" tests="2" name="RestTesting.TestNG" time="0.016" errors="0" timestamp="14 Mar 2022 14:55:03 GMT">
  <testcase classname="RestTesting.TestNG" name="testcase1" time="0.010"/>
  <testcase classname="RestTesting.TestNG" name="testcase2" time="0.006"/>
</testsuite> <!-- RestTesting.TestNG -->
